<?xml version="1.0" encoding="UTF-8"?>
<!-- Generated by org.testng.reporters.JUnitReportReporter -->
<testsuite hostname="Bikash" failures="0" tests="3" name="practice.report.Extent_Sample_ReportWithBS_ASTest" time="26.051" errors="0" timestamp="2024-07-05T15:41:36 IST" skipped="0">
  <testcase classname="practice.report.Extent_Sample_ReportWithBS_ASTest" name="createContactTest" time="7.752"/>
  <testcase classname="practice.report.Extent_Sample_ReportWithBS_ASTest" name="createContactWithOrgTest" time="7.955"/>
  <testcase classname="practice.report.Extent_Sample_ReportWithBS_ASTest" name="createContactWithPhoneNoTest" time="10.344"/>
</testsuite> <!-- practice.report.Extent_Sample_ReportWithBS_ASTest -->
