<?xml version="1.0" encoding="UTF-8"?>
<!-- Generated by org.testng.reporters.JUnitReportReporter -->
<testsuite hostname="Bikash" failures="0" tests="1" name="com.comcast.crm.contacttest.CheckSomeThing" time="0.014" errors="0" timestamp="2024-07-03T18:16:47 IST" skipped="0">
  <testcase classname="com.comcast.crm.contacttest.CheckSomeThing" name="modify" time="0.014"/>
</testsuite> <!-- com.comcast.crm.contacttest.CheckSomeThing -->
