<?xml version="1.0" encoding="UTF-8"?>
<!-- Generated by org.testng.reporters.JUnitReportReporter -->
<testsuite hostname="Bikash" failures="0" tests="2" name="TestP1" time="0.018" errors="0" timestamp="2024-07-05T10:00:27 IST" skipped="0">
  <testcase classname="TestP1" name="modify" time="0.015"/>
  <testcase classname="TestP1" name="create" time="0.003"/>
</testsuite> <!-- TestP1 -->
