<?xml version="1.0" encoding="UTF-8"?>
<!-- Generated by org.testng.reporters.JUnitReportReporter -->
<testsuite hostname="Bikash" failures="0" tests="3" name="DataProvider_Project_Execution.P1" time="31.711" errors="0" timestamp="2024-07-01T16:54:00 IST" skipped="0">
  <testcase classname="DataProvider_Project_Execution.P1" name="getProductInfoTest" time="11.032"/>
  <testcase classname="DataProvider_Project_Execution.P1" name="getProductInfoTest" time="9.968"/>
  <testcase classname="DataProvider_Project_Execution.P1" name="getProductInfoTest" time="10.711"/>
</testsuite> <!-- DataProvider_Project_Execution.P1 -->
