<?xml version="1.0" encoding="UTF-8"?>
<!-- Generated by org.testng.reporters.JUnitReportReporter -->
<testsuite hostname="Bikash" failures="0" tests="1" name="practice.homeTest.Assert_Implementation.SampleTestForScreenShot" time="7.188" errors="0" timestamp="2024-07-04T12:46:18 IST" skipped="0">
  <testcase classname="practice.homeTest.Assert_Implementation.SampleTestForScreenShot" name="flipkartTest" time="7.188"/>
</testsuite> <!-- practice.homeTest.Assert_Implementation.SampleTestForScreenShot -->
