<?xml version="1.0" encoding="UTF-8"?>
<!-- Generated by org.testng.reporters.JUnitReportReporter -->
<testsuite hostname="Bikash" failures="0" tests="1" name="practice.Listener_1.InvoiceTest" time="12.661" errors="0" timestamp="2024-07-04T17:28:31 IST" skipped="0">
  <testcase classname="practice.Listener_1.InvoiceTest" name="activateSim" time="12.661"/>
</testsuite> <!-- practice.Listener_1.InvoiceTest -->
