<?xml version="1.0" encoding="UTF-8"?>
<!-- Generated by org.testng.reporters.JUnitReportReporter -->
<testsuite hostname="Bikash" failures="0" tests="2" name="practice.homeTest.Assert_Implementation.Reporting_BasicReport_Execution" time="0.040" errors="0" timestamp="2024-07-04T12:08:17 IST" skipped="0">
  <testcase classname="practice.homeTest.Assert_Implementation.Reporting_BasicReport_Execution" name="homePageTest" time="0.034">
    <system-out>
      <![CDATA[homePageTest <====================== Started ========================>
Hello
hi
Good
Morning
homePageTest <=====================  Ended =========================>]]>
    </system-out>
  </testcase> <!-- homePageTest -->
  <testcase classname="practice.homeTest.Assert_Implementation.Reporting_BasicReport_Execution" name="verifyLogoHomePageTest" time="0.006">
    <system-out>
      <![CDATA[verifyLogoHomePageTest <====================== Started ========================>
Hello
Hi
Good Night
verifyLogoHomePageTest <=====================  Ended =========================>]]>
    </system-out>
  </testcase> <!-- verifyLogoHomePageTest -->
  <system-out>
    <![CDATA[homePageTest <====================== Started ========================>
Hello
hi
Good
Morning
homePageTest <=====================  Ended =========================>
verifyLogoHomePageTest <====================== Started ========================>
Hello
Hi
Good Night
verifyLogoHomePageTest <=====================  Ended =========================>]]>
  </system-out>
</testsuite> <!-- practice.homeTest.Assert_Implementation.Reporting_BasicReport_Execution -->
