<?xml version="1.0" encoding="UTF-8"?>
<!-- Generated by org.testng.reporters.JUnitReportReporter -->
<testsuite hostname="Bikash" failures="0" tests="1" name="com.api.Shoppers_CRUD" time="3.840" errors="0" timestamp="2024-08-08T10:14:22 IST" skipped="0">
  <testcase classname="com.api.Shoppers_CRUD" name="deleteProdFromWishlist" time="3.840"/>
</testsuite> <!-- com.api.Shoppers_CRUD -->
