<?xml version="1.0" encoding="UTF-8"?>
<!-- Generated by org.testng.reporters.JUnitReportReporter -->
<testsuite hostname="Bikash" failures="0" tests="1" name="com.api.Shoppers_Cart_CRUD" time="3.476" errors="0" timestamp="2024-08-08T10:42:56 IST" skipped="0">
  <testcase classname="com.api.Shoppers_Cart_CRUD" name="deleteProdFromCart" time="3.476"/>
</testsuite> <!-- com.api.Shoppers_Cart_CRUD -->
