<?xml version="1.0" encoding="UTF-8"?>
<!-- Generated by org.testng.reporters.JUnitReportReporter -->
<testsuite hostname="Bikash" failures="0" tests="1" name="com.api.Shoppers_Product_Review" time="3.842" errors="0" timestamp="2024-08-08T12:12:26 IST" skipped="0">
  <testcase classname="com.api.Shoppers_Product_Review" name="updateReview" time="3.842"/>
</testsuite> <!-- com.api.Shoppers_Product_Review -->
