<?xml version="1.0" encoding="UTF-8"?>
<!-- Generated by org.testng.reporters.JUnitReportReporter -->
<testsuite hostname="Bikash" failures="0" tests="1" name="com.api.Shoppers_Order" time="4.257" errors="0" timestamp="2024-08-08T11:37:26 IST" skipped="0">
  <testcase classname="com.api.Shoppers_Order" name="updateOrderStatus" time="4.257"/>
</testsuite> <!-- com.api.Shoppers_Order -->
