<?xml version="1.0" encoding="UTF-8"?>
<!-- Generated by org.testng.reporters.JUnitReportReporter -->
<testsuite hostname="Bikash" failures="0" tests="1" name="com.api.Shoppers_Address_CRUD" time="2.625" errors="0" timestamp="2024-08-08T11:16:04 IST" skipped="0">
  <testcase classname="com.api.Shoppers_Address_CRUD" name="updateAddress" time="2.625"/>
</testsuite> <!-- com.api.Shoppers_Address_CRUD -->
